<?xml version="1.0" encoding="UTF-8"?>
<!-- Generated by org.testng.reporters.JUnitXMLReporter -->
<testsuite hostname="DESKTOP-598O4S4" ignored="1" name="smoke Test" tests="1" failures="0" timestamp="2022-12-11T17:13:12 GMT" time="12.615" errors="0">
  <testcase name="verifyTheErrorMessage" time="5.289" classname="com.ultimatega.courses.testsuite.SignInTest"/>
  <testcase name="userShouldNavigateToLoginPageSuccessfully" time="0.0" classname="com.ultimatega.courses.testsuite.SignInTest">
    <ignored/>
  </testcase> <!-- userShouldNavigateToLoginPageSuccessfully -->
</testsuite> <!-- smoke Test -->
