<?xml version="1.0" encoding="UTF-8"?>
<!-- Generated by org.testng.reporters.JUnitXMLReporter -->
<testsuite hostname="DESKTOP-598O4S4" ignored="0" name="page-factory-ultimateqa-proj2" tests="2" failures="0" timestamp="2022-12-11T13:53:46 GMT" time="15.811" errors="0">
  <testcase name="userShouldNavigateToLoginPageSuccessfully" time="1.078" classname="com.ultimatega.courses.testsuite.SignInTest"/>
  <testcase name="verifyTheErrorMessage" time="4.668" classname="com.ultimatega.courses.testsuite.SignInTest"/>
</testsuite> <!-- page-factory-ultimateqa-proj2 -->
