<?xml version="1.0" encoding="UTF-8"?>
<!-- Generated by org.testng.reporters.JUnitXMLReporter -->
<testsuite hostname="DESKTOP-598O4S4" ignored="1" name="sanity" tests="1" failures="0" timestamp="2022-12-11T17:12:41 GMT" time="8.348" errors="0">
  <testcase name="userShouldNavigateToLoginPageSuccessfully" time="1.375" classname="com.ultimatega.courses.testsuite.SignInTest"/>
  <testcase name="verifyTheErrorMessage" time="0.0" classname="com.ultimatega.courses.testsuite.SignInTest">
    <ignored/>
  </testcase> <!-- verifyTheErrorMessage -->
</testsuite> <!-- sanity -->
