<?xml version="1.0" encoding="UTF-8"?>
<!-- Generated by org.testng.reporters.JUnitXMLReporter -->
<testsuite hostname="DESKTOP-598O4S4" ignored="0" name="Login Test" tests="2" failures="0" timestamp="2022-12-11T17:09:40 GMT" time="19.301" errors="0">
  <testcase name="userShouldNavigateToLoginPageSuccessfully" time="1.54" classname="com.ultimatega.courses.testsuite.SignInTest"/>
  <testcase name="verifyTheErrorMessage" time="5.395" classname="com.ultimatega.courses.testsuite.SignInTest"/>
</testsuite> <!-- Login Test -->
